
[ ANCIZAR_LOPEZ ]
[ 2022-08-12 03:49:39 ]
[ File: C:\AppServ\www\prueba_desarrollador_david_jaramillo\Fuente\controller\usuario_controller.php ]
[ Line: 224 ]
[ Data: array (
) ]


[ ANCIZAR_LOPEZ ]
[ 2022-08-12 03:49:42 ]
[ File: C:\AppServ\www\prueba_desarrollador_david_jaramillo\Fuente\controller\usuario_controller.php ]
[ Line: 224 ]
[ Data: array (
) ]


[ ANCIZAR_LOPEZ ]
[ 2022-08-12 03:52:30 ]
[ File: C:\AppServ\www\prueba_desarrollador_david_jaramillo\Fuente\controller\usuario_controller.php ]
[ Line: 224 ]
[ Data: array (
) ]


[ ANCIZAR_LOPEZ ]
[ 2022-08-12 03:59:44 ]
[ File: C:\AppServ\www\prueba_desarrollador_david_jaramillo\Fuente\controller\usuario_controller.php ]
[ Line: 224 ]
[ Data: array (
) ]


[ ANCIZAR_LOPEZ ]
[ 2022-08-12 04:05:37 ]
[ File: C:\AppServ\www\prueba_desarrollador_david_jaramillo\Fuente\controller\usuario_controller.php ]
[ Line: 224 ]
[ Data: array (
) ]


[ ANCIZAR_LOPEZ ]
[ 2022-08-12 05:43:43 ]
[ File: C:\AppServ\www\prueba_desarrollador_david_jaramillo\Fuente\controller\usuario_controller.php ]
[ Line: 224 ]
[ Data: array (
) ]

